ScopeSigMgr:loadpffile /scratch/ALIGN_shared/DESIGN_DATABASE/Cascode_current_mirror_ota/cascode_current_mirror_ota.ac0 1 openonly
# PF:1
wm geometry .sigmgr._PF:1 232x342+650+350
pf:read PF:1 v(voutp)
# WF:1:1
Graph addsignal {WF:1:1 WF:1:1} -region {new new} -yview {cphasedeg(y) db(y)} -xview {real(x) real(x)} -tracehi {2 2}
# Signal0 Signal1
Graph:Select Graph0
Graph:DSel
Graph itemselect Signal1 add
# Signal1
GrMeas:AtX Graph0 Signal1 {} xyrangeVisible
# M:0
Graph:DSel
GrMeas:Select Graph0 M:0 0 1
GrMeas:MovePoint Graph0 M:0 0 1.0 41.107192992597
GrMeas:MoveText Graph0 M:0 0 38 -41
Graph:DSel
pf:read PF:1 v(vbiasn)
# WF:1:2
Graph addsignal {WF:1:2 WF:1:2} -region {new new} -yview {cphasedeg(y) db(y)} -xview {real(x) real(x)} -tracehi {2 2}
# Signal2 Signal3
pf:read PF:1 v(vbiasnd)
# WF:1:3
Graph addsignal {WF:1:3 WF:1:3} -region {new new} -yview {cphasedeg(y) db(y)} -xview {real(x) real(x)} -tracehi {2 2}
# Signal4 Signal5
Graph:Select Graph0
Graph:DSel
Graph itemselect Signal5 add
# Signal5
Graph delsignal selected
Graph:DSel
Graph itemselect Signal4 add
# Signal4
Graph delsignal selected
Graph:DSel
Graph itemselect Signal3 add
# Signal3
Graph delsignal selected
Graph:DSel
Graph itemselect Signal2 add
# Signal2
Graph delsignal selected
Graph:DSel
Graph itemselect Signal1 add
# Signal1
GrMeas:AtX Graph0 Signal1 {} xyrangeVisible
# M:1
Graph:DSel
GrMeas:Select Graph0 M:1 0 1
GrMeas:MovePoint Graph0 M:1 0 15.908353741528meg 36.072183678407
GrMeas:MoveText Graph0 M:1 0 29 -38
GrMeas:MovePoint Graph0 M:1 0 10.759137076061meg 38.093298804738
Graph:DSel
Graph axisconfig {AxisY(1,0) AxisX(0)} -range {{55.100621188638 16.289115507289} {820000.0 210meg}}
Graph:DSel
Graph axisconfig {AxisY(1,0) AxisX(0)} -range {{51.839661086044 33.045801352959} {2.9meg 18meg}}
Graph:DSel
GrMeas:Select Graph0 M:1 0 1
Graph:DSel
Graph:DSel
Graph axisconfig {AxisY(1,0) AxisX(0)} -range {{44.089720715028 27.306366906877} {5.819meg 23.98meg}}
Graph:DSel
GrMeas:Select Graph0 M:1 0 1
GrMeas:MovePoint Graph0 M:1 0 10.512291512583meg 38.194867948802
GrMeas:MovePoint Graph0 M:1 0 10.664143155914meg 38.1335295172
Graph:DSel
Graph axisconfig {AxisX(0) AxisY(0,0) AxisY(1,0)} -range {all all all} -zoomed {0 0 0}
Graph:DSel
Graph:DSel
Graph itemselect Signal1 add
# Signal1
GrMeas:AtX Graph0 Signal1 {} xyrangeVisible
# M:2
Graph:DSel
GrMeas:Select Graph0 M:2 0 1
GrMeas:MovePoint Graph0 M:2 0 809.58035411885meg 3.5726825380104
GrMeas:MoveText Graph0 M:2 0 -68 28
Graph:DSel
Graph axisconfig {AxisY(1,0) AxisX(0)} -range {{24.680792411365 -23.571349787069} {67meg 13g}}
Graph:DSel
GrMeas:Select Graph0 M:2 0 1
GrMeas:MovePoint Graph0 M:2 0 1.2178533404354g 0.025102513378729
Graph:DSel
GrMeas:Select Graph0 M:2 0 2
GrMeas:MoveText Graph0 M:2 0 44 -28
Graph:DSel
Graph axisconfig {AxisX(0) AxisY(0,0) AxisY(1,0)} -range {all all all} -zoomed {0 0 0}
Graph:DSel
GrMeas:Select Graph0 M:2 0 1
GrMeas:MoveText Graph0 M:2 0 -71 32
Graph:DSel
Graph:DSel
GrMeas:Select Graph0 M:1 0 2
GrMeas:MoveText Graph0 M:1 0 34 -31
Graph:DSel
Graph:DSel
GrMeas:Select Graph0 M:0 0 2
GrMeas:MoveText Graph0 M:0 0 41 -30
Graph:DSel
